\BOOKMARK [0][-]{section*.1}{APROBACI\323N DEL DIRECTOR DEL TRABAJO DE TITULACI\323N}{}% 1
\BOOKMARK [0][-]{section*.2}{DECLARACI\323N DE AUTOR\315A Y CESI\323N DE DERECHOS}{}% 2
\BOOKMARK [0][-]{section*.3}{DEDICATORIA}{}% 3
\BOOKMARK [0][-]{section*.4}{AGRADECIMIENTO}{}% 4
\BOOKMARK [0][-]{chapter*.5}{\315NDICE DE CONTENIDOS}{}% 5
\BOOKMARK [0][-]{chapter*.6}{LISTA DE FIGURAS}{}% 6
\BOOKMARK [0][-]{chapter*.7}{LISTA DE TABLAS}{}% 7
\BOOKMARK [0][-]{chapter*.8}{LISTA DE ALGORITMOS}{}% 8
\BOOKMARK [0][-]{section*.9}{RESUMEN}{}% 9
\BOOKMARK [0][-]{section*.10}{ABSTRACT}{}% 10
\BOOKMARK [0][-]{section*.11}{LISTA DE ABREVIATURAS}{}% 11
\BOOKMARK [0][-]{section*.12}{LISTA DE S\315MBOLOS}{}% 12
\BOOKMARK [0][-]{chapter*.13}{INTRODUCCI\323N}{}% 13
\BOOKMARK [1][-]{Item.7}{Section 1}{chapter*.13}% 14
\BOOKMARK [2][-]{section*.14}{Subsection 1}{Item.7}% 15
\BOOKMARK [1][-]{section*.14}{Section 2}{chapter*.13}% 16
\BOOKMARK [0][-]{chapter.1}{FORMATO DE LOS CAP\315TULOS}{}% 17
\BOOKMARK [1][-]{section.1.1}{Descripci\363n de la plantilla}{chapter.1}% 18
\BOOKMARK [1][-]{section.1.2}{C\363mo iniciar la escritura de una tesis nueva con la plantilla}{chapter.1}% 19
\BOOKMARK [1][-]{section.1.3}{Estructura del documento que se genera}{chapter.1}% 20
\BOOKMARK [1][-]{section.1.4}{Clase de documento y opciones}{chapter.1}% 21
\BOOKMARK [1][-]{section.1.5}{Paquetes empleados en la plantilla}{chapter.1}% 22
\BOOKMARK [1][-]{section.1.6}{Particularidades de la plantilla}{chapter.1}% 23
\BOOKMARK [2][-]{subsection.1.6.1}{Figuras}{section.1.6}% 24
\BOOKMARK [2][-]{subsection.1.6.2}{Unidades del Sistema Internacional \(SI\)}{section.1.6}% 25
\BOOKMARK [2][-]{subsection.1.6.3}{Tablas}{section.1.6}% 26
\BOOKMARK [2][-]{subsection.1.6.4}{Ecuaciones}{section.1.6}% 27
\BOOKMARK [2][-]{subsection.1.6.5}{Algoritmos}{section.1.6}% 28
\BOOKMARK [2][-]{subsection.1.6.6}{Bibliograf\355a}{section.1.6}% 29
\BOOKMARK [0][-]{chapter*.18}{CONCLUSIONES}{}% 30
\BOOKMARK [0][-]{chapter*.19}{RECOMENDACIONES}{}% 31
\BOOKMARK [0][-]{chapter*.20}{BIBLIOGRAF\315A}{}% 32
\BOOKMARK [0][-]{chapter*.20}{ANEXOS}{}% 33
\BOOKMARK [0][-]{Anexo.1.Alph1}{Anexo Acelerador de Part\355culas del Laboratorio S.T.A.R. y sus Impactos en la Fuerza de Velocidad}{}% 34
\BOOKMARK [0][-]{Anexo.1.Alph2}{Anexo Flashpoint: L\355neas de tiempo alternativas}{}% 35
\BOOKMARK [1][-]{section.1.Alph2.1}{Flashpoint}{Anexo.1.Alph2}% 36
